<?xml version="1.0" encoding="UTF-8"?>
<testsuite xmlns:xsi="http://www.w3.org/2001/XMLSchema-instance" xsi:noNamespaceSchemaLocation="https://maven.apache.org/surefire/maven-surefire-plugin/xsd/surefire-test-report-3.0.xsd" version="3.0" name="it.tostao.GreetingResourceTest" time="7.845" tests="1" errors="0" skipped="0" failures="0">
  <properties>
[...]
</properties>
  <testcase name="testHelloEndpoint" classname="it.tostao.GreetingResourceTest" time="1.834">
    <system-out><![CDATA[2021-08-23 13:57:36,680 INFO  [io.quarkus] (main) Quarkus 2.1.3.Final on JVM started in 2.597s. Listening on: http://localhost:8081
2021-08-23 13:57:36,683 INFO  [io.quarkus] (main) Profile test activated. 
2021-08-23 13:57:36,683 INFO  [io.quarkus] (main) Installed features: [cdi, resteasy, smallrye-context-propagation]
]]></system-out>
  </testcase>
</testsuite>